#
# A fatal error has been detected by the Java Runtime Environment:
#
#  EXCEPTION_ACCESS_VIOLATION (0xc0000005) at pc=0x0000020c5d5f1066, pid=9004, tid=0x00000000000036a8
#
# JRE version: OpenJDK Runtime Environment (8.0_265-b01) (build 1.8.0_265-b01)
# Java VM: OpenJDK 64-Bit Server VM (25.265-b01 mixed mode windows-amd64 compressed oops)
# Problematic frame:
# C  [OpenAL64.dll+0x11066]
#
# Failed to write core dump. Minidumps are not enabled by default on client versions of Windows
#
# If you would like to submit a bug report, please visit:
#   http://bugreport.java.com/bugreport/crash.jsp
# The crash happened outside the Java Virtual Machine in native code.
# See problematic frame for where to report the bug.
#

---------------  T H R E A D  ---------------

Current thread (0x0000020c424ea000):  JavaThread "main" [_thread_in_native, id=13992, stack(0x000000297b600000,0x000000297b700000)]

siginfo: ExceptionCode=0xc0000005, reading address 0x0000020c5cb5a004

Registers:
RAX=0x0000000000020003, RBX=0x0000020c5d780090, RCX=0x0000020c5cb5a008, RDX=0x0000020c5cb5a004
RSP=0x000000297b6fc350, RBP=0x00000000000000ff, RSI=0x0000020c5cb4ff3c, RDI=0x0000000000000000
R8 =0x0000000000002832, R9 =0x0000020c5cb4ff3c, R10=0x0000020c43ea9c62, R11=0x00000000529dea10
R12=0x0000000000000001, R13=0x0000020c5d3d1410, R14=0x000000297b6fc4f0, R15=0x0000020c424ea000
RIP=0x0000020c5d5f1066, EFLAGS=0x0000000000010202

Top of Stack: (sp=0x000000297b6fc350)
0x000000297b6fc350:   0000000000000000 0000000000000000
0x000000297b6fc360:   0000000000000000 0000020c424ea000
0x000000297b6fc370:   000000297b6fc4f0 0000020c5d3d1410
0x000000297b6fc380:   0000020c424ea000 0000020c424d6760
0x000000297b6fc390:   0000020c5d3d1410 0000000000000000
0x000000297b6fc3a0:   0000020c424b4160 00000000528795a5
0x000000297b6fc3b0:   000000297b6fcc80 0000020c424ea980
0x000000297b6fc3c0:   0000020c424ea000 000000297b6fc4f0
0x000000297b6fc3d0:   0000020c5d3d1410 0000000000000000
0x000000297b6fc3e0:   0000020c5cb4ff3c 0000000000000248
0x000000297b6fc3f0:   000000297b6fc4b8 0000020c5d5f248f
0x000000297b6fc400:   0000020c5d780090 0000020c5d780090
0x000000297b6fc410:   000000000000ac44 0000020c00020003
0x000000297b6fc420:   0000020c43e97bd0 0000020c43ea9c8e
0x000000297b6fc430:   0000020c5d3d1410 000000297b6fc438
0x000000297b6fc440:   0000020c43e97bd0 0000020c43ea999b 

Instructions: (pc=0x0000020c5d5f1066)
0x0000020c5d5f1046:   41 2b ec 81 3a 03 00 02 00 75 09 8b 01 89 84 24
0x0000020c5d5f1056:   c8 00 00 00 49 83 c0 02 48 83 c1 08 4a 8d 14 86
0x0000020c5d5f1066:   39 3a 75 af 4c 8d 84 24 c0 00 00 00 48 8d 15 d7
0x0000020c5d5f1076:   2b 03 00 33 c9 e8 58 5f 00 00 b8 40 1f 00 00 4c 


Register to memory mapping:

RAX=0x0000000000020003 is an unknown value
RBX=0x0000020c5d780090 is an unknown value
RCX=0x0000020c5cb5a008 is an unknown value
RDX=0x0000020c5cb5a004 is an unknown value
RSP=0x000000297b6fc350 is pointing into the stack for thread: 0x0000020c424ea000
RBP=0x00000000000000ff is an unknown value
RSI=0x0000020c5cb4ff3c is an unknown value
RDI=0x0000000000000000 is an unknown value
R8 =0x0000000000002832 is an unknown value
R9 =0x0000020c5cb4ff3c is an unknown value
R10=0x0000020c43ea9c62 is at code_begin+962 in an Interpreter codelet
method entry point (kind = native)  [0x0000020c43ea98a0, 0x0000020c43eaa340]  2720 bytes
R11=0x00000000529dea10 is an unknown value
R12=0x0000000000000001 is an unknown value
R13={method} {0x0000020c5d3d1418} 'nalcCreateContext' '(JJ)J' in 'org/lwjgl/openal/ALC10'
R14=0x000000297b6fc4f0 is pointing into the stack for thread: 0x0000020c424ea000
R15=0x0000020c424ea000 is a thread


Stack: [0x000000297b600000,0x000000297b700000],  sp=0x000000297b6fc350,  free space=1008k
Native frames: (J=compiled Java code, j=interpreted, Vv=VM code, C=native code)
C  [OpenAL64.dll+0x11066]
C  [OpenAL64.dll+0x1248f]
C  0x0000020c43ea9c8e

Java frames: (J=compiled Java code, j=interpreted, Vv=VM code)
j  org.lwjgl.openal.ALC10.nalcCreateContext(JJ)J+0
j  org.lwjgl.openal.ALC10.alcCreateContext(Lorg/lwjgl/openal/ALCdevice;Ljava/nio/IntBuffer;)Lorg/lwjgl/openal/ALCcontext;+8
j  org.lwjgl.openal.AL.init(Ljava/lang/String;IIZZ)V+69
j  org.lwjgl.openal.AL.create(Ljava/lang/String;IIZZ)V+246
j  org.lwjgl.openal.AL.create(Ljava/lang/String;IIZ)V+5
j  org.lwjgl.openal.AL.create()V+6
j  com.badlogic.gdx.backends.lwjgl.audio.OpenALAudio.<init>(III)V+114
j  com.badlogic.gdx.backends.lwjgl.LwjglApplication.<init>(Lcom/badlogic/gdx/ApplicationListener;Lcom/badlogic/gdx/backends/lwjgl/LwjglApplicationConfiguration;Lcom/badlogic/gdx/backends/lwjgl/LwjglGraphics;)V+120
j  com.badlogic.gdx.backends.lwjgl.LwjglApplication.<init>(Lcom/badlogic/gdx/ApplicationListener;Lcom/badlogic/gdx/backends/lwjgl/LwjglApplicationConfiguration;)V+11
j  org.uqbar.project.wollok.game.gameboard.WollokGDXApplication.<init>(Lorg/uqbar/project/wollok/game/gameboard/Gameboard;Ljava/lang/Boolean;)V+17
j  org.uqbar.project.wollok.game.helpers.Application.start(Lorg/uqbar/project/wollok/game/gameboard/Gameboard;Ljava/lang/Boolean;)V+5
j  org.uqbar.project.wollok.game.gameboard.Gameboard.start(Ljava/lang/Boolean;)V+13
j  wollok.game.GameObject.doStart(Ljava/lang/Boolean;)V+12
v  ~StubRoutines::call_stub
j  sun.reflect.NativeMethodAccessorImpl.invoke0(Ljava/lang/reflect/Method;Ljava/lang/Object;[Ljava/lang/Object;)Ljava/lang/Object;+0
j  sun.reflect.NativeMethodAccessorImpl.invoke(Ljava/lang/Object;[Ljava/lang/Object;)Ljava/lang/Object;+100
J 2612 C1 sun.reflect.DelegatingMethodAccessorImpl.invoke(Ljava/lang/Object;[Ljava/lang/Object;)Ljava/lang/Object; (10 bytes) @ 0x0000020c4474a404 [0x0000020c4474a300+0x104]
J 2559 C1 java.lang.reflect.Method.invoke(Ljava/lang/Object;[Ljava/lang/Object;)Ljava/lang/Object; (62 bytes) @ 0x0000020c4472afac [0x0000020c4472abc0+0x3ec]
j  org.uqbar.project.wollok.ui.utils.XTendUtilExtensions.invokeConvertingArgs(Ljava/lang/reflect/Method;Ljava/lang/Object;[Ljava/lang/Object;)Lorg/uqbar/project/wollok/interpreter/core/WollokObject;+261
j  org.uqbar.project.wollok.interpreter.AbstractWollokCallable._invokeNative(Ljava/lang/Object;Ljava/lang/String;[Lorg/uqbar/project/wollok/interpreter/core/WollokObject;)Lorg/uqbar/project/wollok/interpreter/core/WollokObject;+41
j  org.uqbar.project.wollok.interpreter.AbstractWollokCallable.invokeNative(Ljava/lang/Object;Ljava/lang/String;[Lorg/uqbar/project/wollok/interpreter/core/WollokObject;)Lorg/uqbar/project/wollok/interpreter/core/WollokObject;+26
j  org.uqbar.project.wollok.interpreter.AbstractWollokCallable$1.apply()Lorg/uqbar/project/wollok/interpreter/core/WollokObject;+55
j  org.uqbar.project.wollok.interpreter.AbstractWollokCallable$1.apply()Ljava/lang/Object;+1
j  org.uqbar.project.wollok.interpreter.threads.WThread.performOnStack(Lorg/eclipse/emf/ecore/EObject;Lorg/uqbar/project/wollok/interpreter/context/EvaluationContext;Lorg/eclipse/xtext/xbase/lib/Functions$Function0;)Lorg/uqbar/project/wollok/interpreter/core/WollokObject;+29
j  org.uqbar.project.wollok.interpreter.WollokInterpreter.performOnStack(Lorg/eclipse/emf/ecore/EObject;Lorg/uqbar/project/wollok/interpreter/context/EvaluationContext;Lorg/eclipse/xtext/xbase/lib/Functions$Function0;)Lorg/uqbar/project/wollok/interpreter/core/WollokObject;+7
j  org.uqbar.project.wollok.interpreter.AbstractWollokCallable.call(Lorg/uqbar/project/wollok/wollokDsl/WMethodDeclaration;[Lorg/uqbar/project/wollok/interpreter/core/WollokObject;)Lorg/uqbar/project/wollok/interpreter/core/WollokObject;+38
j  org.uqbar.project.wollok.interpreter.core.WollokObject.call(Ljava/lang/String;[Lorg/uqbar/project/wollok/interpreter/core/WollokObject;)Lorg/uqbar/project/wollok/interpreter/core/WollokObject;+55
j  org.uqbar.project.wollok.interpreter.WollokInterpreterEvaluator._evaluate(Lorg/uqbar/project/wollok/wollokDsl/WFeatureCall;)Lorg/uqbar/project/wollok/interpreter/core/WollokObject;+119
j  org.uqbar.project.wollok.launch.WollokLauncherInterpreterEvaluator.evaluate(Lorg/eclipse/emf/ecore/EObject;)Lorg/uqbar/project/wollok/interpreter/core/WollokObject;+412
J 3216 C1 org.uqbar.project.wollok.interpreter.WollokInterpreter.eval(Lorg/eclipse/emf/ecore/EObject;)Lorg/uqbar/project/wollok/interpreter/core/WollokObject; (190 bytes) @ 0x0000020c448b5fbc [0x0000020c448b5580+0xa3c]
j  org.uqbar.project.wollok.interpreter.WollokInterpreterEvaluator.eval(Lorg/eclipse/emf/ecore/EObject;)Lorg/uqbar/project/wollok/interpreter/core/WollokObject;+5
j  org.uqbar.project.wollok.interpreter.WollokInterpreterEvaluator$1.apply(Lorg/uqbar/project/wollok/interpreter/core/WollokObject;Lorg/eclipse/emf/ecore/EObject;)Lorg/uqbar/project/wollok/interpreter/core/WollokObject;+5
j  org.uqbar.project.wollok.interpreter.WollokInterpreterEvaluator$1.apply(Ljava/lang/Object;Ljava/lang/Object;)Ljava/lang/Object;+9
j  org.eclipse.xtext.xbase.lib.IteratorExtensions.fold(Ljava/util/Iterator;Ljava/lang/Object;Lorg/eclipse/xtext/xbase/lib/Functions$Function2;)Ljava/lang/Object;+19
j  org.eclipse.xtext.xbase.lib.IterableExtensions.fold(Ljava/lang/Iterable;Ljava/lang/Object;Lorg/eclipse/xtext/xbase/lib/Functions$Function2;)Ljava/lang/Object;+8
j  org.uqbar.project.wollok.interpreter.WollokInterpreterEvaluator.evalAll(Ljava/lang/Iterable;)Lorg/uqbar/project/wollok/interpreter/core/WollokObject;+12
j  org.uqbar.project.wollok.interpreter.WollokInterpreterEvaluator._evaluate(Lorg/uqbar/project/wollok/wollokDsl/WBlockExpression;)Lorg/uqbar/project/wollok/interpreter/core/WollokObject;+34
j  org.uqbar.project.wollok.launch.WollokLauncherInterpreterEvaluator.evaluate(Lorg/eclipse/emf/ecore/EObject;)Lorg/uqbar/project/wollok/interpreter/core/WollokObject;+76
J 3216 C1 org.uqbar.project.wollok.interpreter.WollokInterpreter.eval(Lorg/eclipse/emf/ecore/EObject;)Lorg/uqbar/project/wollok/interpreter/core/WollokObject; (190 bytes) @ 0x0000020c448b5fbc [0x0000020c448b5580+0xa3c]
j  org.uqbar.project.wollok.interpreter.AbstractWollokCallable.eval(Lorg/eclipse/emf/ecore/EObject;)Lorg/uqbar/project/wollok/interpreter/core/WollokObject;+5
j  org.uqbar.project.wollok.interpreter.AbstractWollokCallable$1.apply()Lorg/uqbar/project/wollok/interpreter/core/WollokObject;+110
j  org.uqbar.project.wollok.interpreter.AbstractWollokCallable$1.apply()Ljava/lang/Object;+1
j  org.uqbar.project.wollok.interpreter.threads.WThread.performOnStack(Lorg/eclipse/emf/ecore/EObject;Lorg/uqbar/project/wollok/interpreter/context/EvaluationContext;Lorg/eclipse/xtext/xbase/lib/Functions$Function0;)Lorg/uqbar/project/wollok/interpreter/core/WollokObject;+29
j  org.uqbar.project.wollok.interpreter.WollokInterpreter.performOnStack(Lorg/eclipse/emf/ecore/EObject;Lorg/uqbar/project/wollok/interpreter/context/EvaluationContext;Lorg/eclipse/xtext/xbase/lib/Functions$Function0;)Lorg/uqbar/project/wollok/interpreter/core/WollokObject;+7
j  org.uqbar.project.wollok.interpreter.AbstractWollokCallable.call(Lorg/uqbar/project/wollok/wollokDsl/WMethodDeclaration;[Lorg/uqbar/project/wollok/interpreter/core/WollokObject;)Lorg/uqbar/project/wollok/interpreter/core/WollokObject;+38
j  org.uqbar.project.wollok.interpreter.core.WollokObject.call(Ljava/lang/String;[Lorg/uqbar/project/wollok/interpreter/core/WollokObject;)Lorg/uqbar/project/wollok/interpreter/core/WollokObject;+55
j  org.uqbar.project.wollok.interpreter.WollokInterpreterEvaluator._evaluate(Lorg/uqbar/project/wollok/wollokDsl/WFeatureCall;)Lorg/uqbar/project/wollok/interpreter/core/WollokObject;+119
j  org.uqbar.project.wollok.launch.WollokLauncherInterpreterEvaluator.evaluate(Lorg/eclipse/emf/ecore/EObject;)Lorg/uqbar/project/wollok/interpreter/core/WollokObject;+412
J 3216 C1 org.uqbar.project.wollok.interpreter.WollokInterpreter.eval(Lorg/eclipse/emf/ecore/EObject;)Lorg/uqbar/project/wollok/interpreter/core/WollokObject; (190 bytes) @ 0x0000020c448b5fbc [0x0000020c448b5580+0xa3c]
j  org.uqbar.project.wollok.interpreter.WollokInterpreterEvaluator.eval(Lorg/eclipse/emf/ecore/EObject;)Lorg/uqbar/project/wollok/interpreter/core/WollokObject;+5
j  org.uqbar.project.wollok.interpreter.WollokInterpreterEvaluator$1.apply(Lorg/uqbar/project/wollok/interpreter/core/WollokObject;Lorg/eclipse/emf/ecore/EObject;)Lorg/uqbar/project/wollok/interpreter/core/WollokObject;+5
j  org.uqbar.project.wollok.interpreter.WollokInterpreterEvaluator$1.apply(Ljava/lang/Object;Ljava/lang/Object;)Ljava/lang/Object;+9
j  org.eclipse.xtext.xbase.lib.IteratorExtensions.fold(Ljava/util/Iterator;Ljava/lang/Object;Lorg/eclipse/xtext/xbase/lib/Functions$Function2;)Ljava/lang/Object;+19
j  org.eclipse.xtext.xbase.lib.IterableExtensions.fold(Ljava/lang/Iterable;Ljava/lang/Object;Lorg/eclipse/xtext/xbase/lib/Functions$Function2;)Ljava/lang/Object;+8
j  org.uqbar.project.wollok.interpreter.WollokInterpreterEvaluator.evalAll(Ljava/lang/Iterable;)Lorg/uqbar/project/wollok/interpreter/core/WollokObject;+12
j  org.uqbar.project.wollok.interpreter.WollokInterpreterEvaluator._evaluate(Lorg/uqbar/project/wollok/wollokDsl/WBlockExpression;)Lorg/uqbar/project/wollok/interpreter/core/WollokObject;+34
j  org.uqbar.project.wollok.launch.WollokLauncherInterpreterEvaluator.evaluate(Lorg/eclipse/emf/ecore/EObject;)Lorg/uqbar/project/wollok/interpreter/core/WollokObject;+76
j  org.uqbar.project.wollok.interpreter.WollokInterpreterEvaluator.evaluate(Lorg/eclipse/emf/ecore/EObject;)Ljava/lang/Object;+2
j  org.uqbar.project.wollok.interpreter.WollokInterpreter.eval(Lorg/eclipse/emf/ecore/EObject;)Lorg/uqbar/project/wollok/interpreter/core/WollokObject;+63
j  org.uqbar.project.wollok.interpreter.AbstractWollokCallable.eval(Lorg/eclipse/emf/ecore/EObject;)Lorg/uqbar/project/wollok/interpreter/core/WollokObject;+5
j  org.uqbar.project.wollok.interpreter.AbstractWollokCallable$1.apply()Lorg/uqbar/project/wollok/interpreter/core/WollokObject;+110
j  org.uqbar.project.wollok.interpreter.AbstractWollokCallable$1.apply()Ljava/lang/Object;+1
j  org.uqbar.project.wollok.interpreter.threads.WThread.performOnStack(Lorg/eclipse/emf/ecore/EObject;Lorg/uqbar/project/wollok/interpreter/context/EvaluationContext;Lorg/eclipse/xtext/xbase/lib/Functions$Function0;)Lorg/uqbar/project/wollok/interpreter/core/WollokObject;+29
j  org.uqbar.project.wollok.interpreter.WollokInterpreter.performOnStack(Lorg/eclipse/emf/ecore/EObject;Lorg/uqbar/project/wollok/interpreter/context/EvaluationContext;Lorg/eclipse/xtext/xbase/lib/Functions$Function0;)Lorg/uqbar/project/wollok/interpreter/core/WollokObject;+7
j  org.uqbar.project.wollok.interpreter.AbstractWollokCallable.call(Lorg/uqbar/project/wollok/wollokDsl/WMethodDeclaration;[Lorg/uqbar/project/wollok/interpreter/core/WollokObject;)Lorg/uqbar/project/wollok/interpreter/core/WollokObject;+38
j  org.uqbar.project.wollok.interpreter.core.WollokObject.call(Ljava/lang/String;[Lorg/uqbar/project/wollok/interpreter/core/WollokObject;)Lorg/uqbar/project/wollok/interpreter/core/WollokObject;+55
j  org.uqbar.project.wollok.interpreter.WollokInterpreterEvaluator._evaluate(Lorg/uqbar/project/wollok/wollokDsl/WFeatureCall;)Lorg/uqbar/project/wollok/interpreter/core/WollokObject;+119
j  org.uqbar.project.wollok.launch.WollokLauncherInterpreterEvaluator.evaluate(Lorg/eclipse/emf/ecore/EObject;)Lorg/uqbar/project/wollok/interpreter/core/WollokObject;+412
j  org.uqbar.project.wollok.interpreter.WollokInterpreterEvaluator.evaluate(Lorg/eclipse/emf/ecore/EObject;)Ljava/lang/Object;+2
j  org.uqbar.project.wollok.interpreter.WollokInterpreter.eval(Lorg/eclipse/emf/ecore/EObject;)Lorg/uqbar/project/wollok/interpreter/core/WollokObject;+63
j  org.uqbar.project.wollok.interpreter.WollokInterpreterEvaluator.eval(Lorg/eclipse/emf/ecore/EObject;)Lorg/uqbar/project/wollok/interpreter/core/WollokObject;+5
j  org.uqbar.project.wollok.interpreter.WollokInterpreterEvaluator$1.apply(Lorg/uqbar/project/wollok/interpreter/core/WollokObject;Lorg/eclipse/emf/ecore/EObject;)Lorg/uqbar/project/wollok/interpreter/core/WollokObject;+5
j  org.uqbar.project.wollok.interpreter.WollokInterpreterEvaluator$1.apply(Ljava/lang/Object;Ljava/lang/Object;)Ljava/lang/Object;+9
j  org.eclipse.xtext.xbase.lib.IteratorExtensions.fold(Ljava/util/Iterator;Ljava/lang/Object;Lorg/eclipse/xtext/xbase/lib/Functions$Function2;)Ljava/lang/Object;+19
j  org.eclipse.xtext.xbase.lib.IterableExtensions.fold(Ljava/lang/Iterable;Ljava/lang/Object;Lorg/eclipse/xtext/xbase/lib/Functions$Function2;)Ljava/lang/Object;+8
j  org.uqbar.project.wollok.interpreter.WollokInterpreterEvaluator.evalAll(Ljava/lang/Iterable;)Lorg/uqbar/project/wollok/interpreter/core/WollokObject;+12
j  org.uqbar.project.wollok.interpreter.WollokInterpreterEvaluator._evaluate(Lorg/uqbar/project/wollok/wollokDsl/WProgram;)Lorg/uqbar/project/wollok/interpreter/core/WollokObject;+18
j  org.uqbar.project.wollok.launch.WollokLauncherInterpreterEvaluator.evaluate(Lorg/eclipse/emf/ecore/EObject;)Lorg/uqbar/project/wollok/interpreter/core/WollokObject;+444
j  org.uqbar.project.wollok.interpreter.WollokInterpreterEvaluator.evaluate(Lorg/eclipse/emf/ecore/EObject;)Ljava/lang/Object;+2
j  org.uqbar.project.wollok.interpreter.WollokInterpreter.eval(Lorg/eclipse/emf/ecore/EObject;)Lorg/uqbar/project/wollok/interpreter/core/WollokObject;+63
j  org.uqbar.project.wollok.interpreter.WollokInterpreterEvaluator.eval(Lorg/eclipse/emf/ecore/EObject;)Lorg/uqbar/project/wollok/interpreter/core/WollokObject;+5
j  org.uqbar.project.wollok.launch.WollokLauncherInterpreterEvaluator._evaluate(Lorg/uqbar/project/wollok/wollokDsl/WFile;)Lorg/uqbar/project/wollok/interpreter/core/WollokObject;+32
j  org.uqbar.project.wollok.launch.WollokLauncherInterpreterEvaluator.evaluate(Lorg/eclipse/emf/ecore/EObject;)Lorg/uqbar/project/wollok/interpreter/core/WollokObject;+428
j  org.uqbar.project.wollok.interpreter.WollokInterpreterEvaluator.evaluate(Lorg/eclipse/emf/ecore/EObject;)Ljava/lang/Object;+2
j  org.uqbar.project.wollok.interpreter.WollokInterpreter.interpret(Lorg/eclipse/emf/ecore/EObject;Ljava/lang/Boolean;)Lorg/uqbar/project/wollok/interpreter/core/WollokObject;+25
j  org.uqbar.project.wollok.interpreter.WollokInterpreter.interpret(Lorg/eclipse/emf/ecore/EObject;)Lorg/uqbar/project/wollok/interpreter/core/WollokObject;+8
j  org.uqbar.project.wollok.launch.WollokLauncher.doSomething(Lorg/uqbar/project/wollok/wollokDsl/WFile;Lcom/google/inject/Injector;Ljava/io/File;Lorg/uqbar/project/wollok/launch/WollokLauncherParameters;)V+109
j  org.uqbar.project.wollok.launch.WollokChecker.launch(Ljava/lang/String;Lorg/uqbar/project/wollok/launch/WollokLauncherParameters;)V+31
j  org.uqbar.project.wollok.launch.WollokChecker.doMain([Ljava/lang/String;)V+205
j  org.uqbar.project.wollok.launch.WollokLauncher.main([Ljava/lang/String;)V+8
v  ~StubRoutines::call_stub

---------------  P R O C E S S  ---------------

Java Threads: ( => current thread )
  0x0000020c5a381000 JavaThread "com.google.inject.internal.util.$Finalizer" daemon [_thread_blocked, id=4764, stack(0x000000297c700000,0x000000297c800000)]
  0x0000020c5a383800 JavaThread "EMF Reference Cleaner" daemon [_thread_blocked, id=3856, stack(0x000000297c600000,0x000000297c700000)]
  0x0000020c58e2c000 JavaThread "Service Thread" daemon [_thread_blocked, id=14212, stack(0x000000297c400000,0x000000297c500000)]
  0x0000020c58ded800 JavaThread "C1 CompilerThread2" daemon [_thread_blocked, id=13844, stack(0x000000297c300000,0x000000297c400000)]
  0x0000020c58dd2000 JavaThread "C2 CompilerThread1" daemon [_thread_blocked, id=14024, stack(0x000000297c200000,0x000000297c300000)]
  0x0000020c58d93800 JavaThread "C2 CompilerThread0" daemon [_thread_blocked, id=15204, stack(0x000000297c100000,0x000000297c200000)]
  0x0000020c58d91000 JavaThread "Attach Listener" daemon [_thread_blocked, id=14836, stack(0x000000297c000000,0x000000297c100000)]
  0x0000020c58d90000 JavaThread "Signal Dispatcher" daemon [_thread_blocked, id=5768, stack(0x000000297bf00000,0x000000297c000000)]
  0x0000020c58d52800 JavaThread "Finalizer" daemon [_thread_blocked, id=13512, stack(0x000000297bd00000,0x000000297be00000)]
  0x0000020c58d48800 JavaThread "Reference Handler" daemon [_thread_blocked, id=9752, stack(0x000000297bc00000,0x000000297bd00000)]
=>0x0000020c424ea000 JavaThread "main" [_thread_in_native, id=13992, stack(0x000000297b600000,0x000000297b700000)]

Other Threads:
  0x0000020c5860e800 VMThread [stack: 0x000000297bb00000,0x000000297bc00000] [id=7944]
  0x0000020c58e2d000 WatcherThread [stack: 0x000000297c500000,0x000000297c600000] [id=1504]

VM state:not at safepoint (normal execution)

VM Mutex/Monitor currently owned by a thread: None

heap address: 0x0000000080400000, size: 2044 MB, Compressed Oops mode: 32-bit
Narrow klass base: 0x0000000000000000, Narrow klass shift: 3
Compressed class space size: 1073741824 Address: 0x0000000100000000

Heap:
 PSYoungGen      total 138240K, used 2958K [0x00000000d5700000, 0x00000000de300000, 0x0000000100000000)
  eden space 133120K, 2% used [0x00000000d5700000,0x00000000d59e3808,0x00000000dd900000)
  from space 5120K, 0% used [0x00000000dde00000,0x00000000dde00000,0x00000000de300000)
  to   space 5120K, 0% used [0x00000000dd900000,0x00000000dd900000,0x00000000dde00000)
 ParOldGen       total 94208K, used 26740K [0x0000000080400000, 0x0000000086000000, 0x00000000d5700000)
  object space 94208K, 28% used [0x0000000080400000,0x0000000081e1d208,0x0000000086000000)
 Metaspace       used 21242K, capacity 21460K, committed 21760K, reserved 1069056K
  class space    used 2673K, capacity 2748K, committed 2816K, reserved 1048576K

Card table byte_map: [0x0000020c53250000,0x0000020c53650000] byte_map_base: 0x0000020c52e4e000

Marking Bits: (ParMarkBitMap*) 0x0000000052fc7790
 Begin Bits: [0x0000020c53900000, 0x0000020c558f0000)
 End Bits:   [0x0000020c558f0000, 0x0000020c578e0000)

Polling page: 0x0000020c42840000

CodeCache: size=245760Kb used=10832Kb max_used=10839Kb free=234928Kb
 bounds [0x0000020c43e90000, 0x0000020c44930000, 0x0000020c52e90000]
 total_blobs=3786 nmethods=3345 adapters=352
 compilation: enabled

Compilation events (10 events):
Event: 3.046 Thread 0x0000020c58ded800 nmethod 3347 0x0000020c44926710 code [0x0000020c44926900, 0x0000020c44927130]
Event: 3.053 Thread 0x0000020c58ded800 3348       3       java.nio.DirectByteBuffer::put (18 bytes)
Event: 3.053 Thread 0x0000020c58ded800 nmethod 3348 0x0000020c44924550 code [0x0000020c449246c0, 0x0000020c44924938]
Event: 3.053 Thread 0x0000020c58ded800 3349       3       java.nio.DirectByteBuffer::ix (10 bytes)
Event: 3.054 Thread 0x0000020c58ded800 nmethod 3349 0x0000020c44924210 code [0x0000020c44924360, 0x0000020c449244b8]
Event: 3.054 Thread 0x0000020c58dd2000 nmethod 3345 0x0000020c4492abd0 code [0x0000020c4492ade0, 0x0000020c4492b7f0]
Event: 3.054 Thread 0x0000020c58ded800 3351       3       java.nio.DirectByteBuffer::put (18 bytes)
Event: 3.054 Thread 0x0000020c58ded800 nmethod 3351 0x0000020c44923d10 code [0x0000020c44923e80, 0x0000020c449240f8]
Event: 3.054 Thread 0x0000020c58ded800 3352       1       java.nio.DirectByteBuffer::ix (10 bytes)
Event: 3.054 Thread 0x0000020c58ded800 nmethod 3352 0x0000020c44925c90 code [0x0000020c44925de0, 0x0000020c44925ef8]

GC Heap History (10 events):
Event: 0.509 GC heap before
{Heap before GC invocations=1 (full 0):
 PSYoungGen      total 38400K, used 33280K [0x00000000d5700000, 0x00000000d8180000, 0x0000000100000000)
  eden space 33280K, 100% used [0x00000000d5700000,0x00000000d7780000,0x00000000d7780000)
  from space 5120K, 0% used [0x00000000d7c80000,0x00000000d7c80000,0x00000000d8180000)
  to   space 5120K, 0% used [0x00000000d7780000,0x00000000d7780000,0x00000000d7c80000)
 ParOldGen       total 87552K, used 0K [0x0000000080400000, 0x0000000085980000, 0x00000000d5700000)
  object space 87552K, 0% used [0x0000000080400000,0x0000000080400000,0x0000000085980000)
 Metaspace       used 5672K, capacity 5750K, committed 5888K, reserved 1056768K
  class space    used 617K, capacity 659K, committed 768K, reserved 1048576K
Event: 0.515 GC heap after
Heap after GC invocations=1 (full 0):
 PSYoungGen      total 38400K, used 5116K [0x00000000d5700000, 0x00000000da200000, 0x0000000100000000)
  eden space 33280K, 0% used [0x00000000d5700000,0x00000000d5700000,0x00000000d7780000)
  from space 5120K, 99% used [0x00000000d7780000,0x00000000d7c7f3f8,0x00000000d7c80000)
  to   space 5120K, 0% used [0x00000000d9d00000,0x00000000d9d00000,0x00000000da200000)
 ParOldGen       total 87552K, used 1743K [0x0000000080400000, 0x0000000085980000, 0x00000000d5700000)
  object space 87552K, 1% used [0x0000000080400000,0x00000000805b3f10,0x0000000085980000)
 Metaspace       used 5672K, capacity 5750K, committed 5888K, reserved 1056768K
  class space    used 617K, capacity 659K, committed 768K, reserved 1048576K
}
Event: 0.866 GC heap before
{Heap before GC invocations=2 (full 0):
 PSYoungGen      total 38400K, used 38396K [0x00000000d5700000, 0x00000000da200000, 0x0000000100000000)
  eden space 33280K, 100% used [0x00000000d5700000,0x00000000d7780000,0x00000000d7780000)
  from space 5120K, 99% used [0x00000000d7780000,0x00000000d7c7f3f8,0x00000000d7c80000)
  to   space 5120K, 0% used [0x00000000d9d00000,0x00000000d9d00000,0x00000000da200000)
 ParOldGen       total 87552K, used 1743K [0x0000000080400000, 0x0000000085980000, 0x00000000d5700000)
  object space 87552K, 1% used [0x0000000080400000,0x00000000805b3f10,0x0000000085980000)
 Metaspace       used 8467K, capacity 8540K, committed 8832K, reserved 1056768K
  class space    used 1018K, capacity 1076K, committed 1152K, reserved 1048576K
Event: 0.875 GC heap after
Heap after GC invocations=2 (full 0):
 PSYoungGen      total 71680K, used 5104K [0x00000000d5700000, 0x00000000da200000, 0x0000000100000000)
  eden space 66560K, 0% used [0x00000000d5700000,0x00000000d5700000,0x00000000d9800000)
  from space 5120K, 99% used [0x00000000d9d00000,0x00000000da1fc020,0x00000000da200000)
  to   space 5120K, 0% used [0x00000000d9800000,0x00000000d9800000,0x00000000d9d00000)
 ParOldGen       total 87552K, used 11973K [0x0000000080400000, 0x0000000085980000, 0x00000000d5700000)
  object space 87552K, 13% used [0x0000000080400000,0x0000000080fb1750,0x0000000085980000)
 Metaspace       used 8467K, capacity 8540K, committed 8832K, reserved 1056768K
  class space    used 1018K, capacity 1076K, committed 1152K, reserved 1048576K
}
Event: 1.716 GC heap before
{Heap before GC invocations=3 (full 0):
 PSYoungGen      total 71680K, used 71664K [0x00000000d5700000, 0x00000000da200000, 0x0000000100000000)
  eden space 66560K, 100% used [0x00000000d5700000,0x00000000d9800000,0x00000000d9800000)
  from space 5120K, 99% used [0x00000000d9d00000,0x00000000da1fc020,0x00000000da200000)
  to   space 5120K, 0% used [0x00000000d9800000,0x00000000d9800000,0x00000000d9d00000)
 ParOldGen       total 87552K, used 11973K [0x0000000080400000, 0x0000000085980000, 0x00000000d5700000)
  object space 87552K, 13% used [0x0000000080400000,0x0000000080fb1750,0x0000000085980000)
 Metaspace       used 15832K, capacity 15966K, committed 16256K, reserved 1062912K
  class space    used 2054K, capacity 2111K, committed 2176K, reserved 1048576K
Event: 1.727 GC heap after
Heap after GC invocations=3 (full 0):
 PSYoungGen      total 71680K, used 5088K [0x00000000d5700000, 0x00000000de300000, 0x0000000100000000)
  eden space 66560K, 0% used [0x00000000d5700000,0x00000000d5700000,0x00000000d9800000)
  from space 5120K, 99% used [0x00000000d9800000,0x00000000d9cf8020,0x00000000d9d00000)
  to   space 5120K, 0% used [0x00000000dde00000,0x00000000dde00000,0x00000000de300000)
 ParOldGen       total 87552K, used 24359K [0x0000000080400000, 0x0000000085980000, 0x00000000d5700000)
  object space 87552K, 27% used [0x0000000080400000,0x0000000081bc9e18,0x0000000085980000)
 Metaspace       used 15832K, capacity 15966K, committed 16256K, reserved 1062912K
  class space    used 2054K, capacity 2111K, committed 2176K, reserved 1048576K
}
Event: 2.953 GC heap before
{Heap before GC invocations=4 (full 0):
 PSYoungGen      total 71680K, used 59080K [0x00000000d5700000, 0x00000000de300000, 0x0000000100000000)
  eden space 66560K, 81% used [0x00000000d5700000,0x00000000d8bba360,0x00000000d9800000)
  from space 5120K, 99% used [0x00000000d9800000,0x00000000d9cf8020,0x00000000d9d00000)
  to   space 5120K, 0% used [0x00000000dde00000,0x00000000dde00000,0x00000000de300000)
 ParOldGen       total 87552K, used 24359K [0x0000000080400000, 0x0000000085980000, 0x00000000d5700000)
  object space 87552K, 27% used [0x0000000080400000,0x0000000081bc9e18,0x0000000085980000)
 Metaspace       used 20891K, capacity 21108K, committed 21248K, reserved 1067008K
  class space    used 2628K, capacity 2716K, committed 2816K, reserved 1048576K
Event: 2.964 GC heap after
Heap after GC invocations=4 (full 0):
 PSYoungGen      total 138240K, used 5088K [0x00000000d5700000, 0x00000000de300000, 0x0000000100000000)
  eden space 133120K, 0% used [0x00000000d5700000,0x00000000d5700000,0x00000000dd900000)
  from space 5120K, 99% used [0x00000000dde00000,0x00000000de2f8020,0x00000000de300000)
  to   space 5120K, 0% used [0x00000000dd900000,0x00000000dd900000,0x00000000dde00000)
 ParOldGen       total 87552K, used 30632K [0x0000000080400000, 0x0000000085980000, 0x00000000d5700000)
  object space 87552K, 34% used [0x0000000080400000,0x00000000821ea020,0x0000000085980000)
 Metaspace       used 20891K, capacity 21108K, committed 21248K, reserved 1067008K
  class space    used 2628K, capacity 2716K, committed 2816K, reserved 1048576K
}
Event: 2.964 GC heap before
{Heap before GC invocations=5 (full 1):
 PSYoungGen      total 138240K, used 5088K [0x00000000d5700000, 0x00000000de300000, 0x0000000100000000)
  eden space 133120K, 0% used [0x00000000d5700000,0x00000000d5700000,0x00000000dd900000)
  from space 5120K, 99% used [0x00000000dde00000,0x00000000de2f8020,0x00000000de300000)
  to   space 5120K, 0% used [0x00000000dd900000,0x00000000dd900000,0x00000000dde00000)
 ParOldGen       total 87552K, used 30632K [0x0000000080400000, 0x0000000085980000, 0x00000000d5700000)
  object space 87552K, 34% used [0x0000000080400000,0x00000000821ea020,0x0000000085980000)
 Metaspace       used 20891K, capacity 21108K, committed 21248K, reserved 1067008K
  class space    used 2628K, capacity 2716K, committed 2816K, reserved 1048576K
Event: 3.020 GC heap after
Heap after GC invocations=5 (full 1):
 PSYoungGen      total 138240K, used 0K [0x00000000d5700000, 0x00000000de300000, 0x0000000100000000)
  eden space 133120K, 0% used [0x00000000d5700000,0x00000000d5700000,0x00000000dd900000)
  from space 5120K, 0% used [0x00000000dde00000,0x00000000dde00000,0x00000000de300000)
  to   space 5120K, 0% used [0x00000000dd900000,0x00000000dd900000,0x00000000dde00000)
 ParOldGen       total 94208K, used 26740K [0x0000000080400000, 0x0000000086000000, 0x00000000d5700000)
  object space 94208K, 28% used [0x0000000080400000,0x0000000081e1d208,0x0000000086000000)
 Metaspace       used 20891K, capacity 21108K, committed 21248K, reserved 1067008K
  class space    used 2628K, capacity 2716K, committed 2816K, reserved 1048576K
}

Deoptimization events (10 events):
Event: 2.230 Thread 0x0000020c424ea000 Uncommon trap: reason=class_check action=maybe_recompile pc=0x0000020c445ccc28 method=org.eclipse.xtext.nodemodel.impl.NodeModelBuilder.addChild(Lorg/eclipse/xtext/nodemodel/ICompositeNode;Lorg/eclipse/xtext/nodemodel/impl/AbstractNode;)V @ 6
Event: 2.240 Thread 0x0000020c424ea000 Uncommon trap: reason=class_check action=maybe_recompile pc=0x0000020c445ccc28 method=org.eclipse.xtext.nodemodel.impl.NodeModelBuilder.addChild(Lorg/eclipse/xtext/nodemodel/ICompositeNode;Lorg/eclipse/xtext/nodemodel/impl/AbstractNode;)V @ 6
Event: 2.240 Thread 0x0000020c424ea000 Uncommon trap: reason=unstable_if action=reinterpret pc=0x0000020c44605668 method=java.util.HashMap.computeIfAbsent(Ljava/lang/Object;Ljava/util/function/Function;)Ljava/lang/Object; @ 44
Event: 2.281 Thread 0x0000020c424ea000 Uncommon trap: reason=class_check action=maybe_recompile pc=0x0000020c445ccc28 method=org.eclipse.xtext.nodemodel.impl.NodeModelBuilder.addChild(Lorg/eclipse/xtext/nodemodel/ICompositeNode;Lorg/eclipse/xtext/nodemodel/impl/AbstractNode;)V @ 6
Event: 2.415 Thread 0x0000020c424ea000 Uncommon trap: reason=class_check action=maybe_recompile pc=0x0000020c445d3e7c method=org.eclipse.xtext.nodemodel.impl.NodeModelBuilder.addChild(Lorg/eclipse/xtext/nodemodel/ICompositeNode;Lorg/eclipse/xtext/nodemodel/impl/AbstractNode;)V @ 6
Event: 2.420 Thread 0x0000020c424ea000 Uncommon trap: reason=unstable_if action=reinterpret pc=0x0000020c447859c4 method=org.eclipse.emf.common.notify.impl.BasicNotifierImpl$EAdapterList.getAdapterForType(Ljava/lang/Object;)Lorg/eclipse/emf/common/notify/Adapter; @ 50
Event: 2.437 Thread 0x0000020c424ea000 Uncommon trap: reason=unstable_if action=reinterpret pc=0x0000020c44782358 method=org.eclipse.emf.common.notify.impl.BasicNotifierImpl$EAdapterList.getAdapterForType(Ljava/lang/Object;)Lorg/eclipse/emf/common/notify/Adapter; @ 50
Event: 2.437 Thread 0x0000020c424ea000 Uncommon trap: reason=unstable_if action=reinterpret pc=0x0000020c44781ddc method=org.eclipse.emf.common.notify.impl.BasicNotifierImpl$EAdapterList.data()[Ljava/lang/Object; @ 16
Event: 2.503 Thread 0x0000020c424ea000 Uncommon trap: reason=unstable_if action=reinterpret pc=0x0000020c443d3408 method=java.util.concurrent.ConcurrentHashMap.putVal(Ljava/lang/Object;Ljava/lang/Object;Z)Ljava/lang/Object; @ 181
Event: 2.801 Thread 0x0000020c424ea000 Uncommon trap: reason=unstable_if action=reinterpret pc=0x0000020c441f0504 method=java.io.WinNTFileSystem.normalize(Ljava/lang/String;)Ljava/lang/String; @ 49

Classes redefined (0 events):
No events

Internal exceptions (10 events):
Event: 2.469 Thread 0x0000020c424ea000 Exception <a 'java/io/FileNotFoundException'> (0x00000000d73e0058) thrown at [J:\jenkins\tmp\workspace\build\src\hotspot\src\share\vm\prims\jni.cpp, line 711]
Event: 2.623 Thread 0x0000020c424ea000 Exception <a 'java/lang/reflect/InvocationTargetException'> (0x00000000d7e7feb0) thrown at [J:\jenkins\tmp\workspace\build\src\hotspot\src\share\vm\runtime\reflection.cpp, line 1092]
Event: 2.623 Thread 0x0000020c424ea000 Exception <a 'java/lang/reflect/InvocationTargetException'> (0x00000000d7e9c170) thrown at [J:\jenkins\tmp\workspace\build\src\hotspot\src\share\vm\runtime\reflection.cpp, line 1092]
Event: 2.624 Thread 0x0000020c424ea000 Exception <a 'java/lang/reflect/InvocationTargetException'> (0x00000000d7ebad40) thrown at [J:\jenkins\tmp\workspace\build\src\hotspot\src\share\vm\runtime\reflection.cpp, line 1092]
Event: 3.061 Thread 0x0000020c424ea000 Exception <a 'java/security/PrivilegedActionException'> (0x00000000d58e52e8) thrown at [J:\jenkins\tmp\workspace\build\src\hotspot\src\share\vm\prims\jvm.cpp, line 1512]
Event: 3.061 Thread 0x0000020c424ea000 Exception <a 'java/security/PrivilegedActionException'> (0x00000000d58e6818) thrown at [J:\jenkins\tmp\workspace\build\src\hotspot\src\share\vm\prims\jvm.cpp, line 1512]
Event: 3.061 Thread 0x0000020c424ea000 Exception <a 'java/security/PrivilegedActionException'> (0x00000000d58e7c48) thrown at [J:\jenkins\tmp\workspace\build\src\hotspot\src\share\vm\prims\jvm.cpp, line 1512]
Event: 3.061 Thread 0x0000020c424ea000 Exception <a 'java/security/PrivilegedActionException'> (0x00000000d58e9308) thrown at [J:\jenkins\tmp\workspace\build\src\hotspot\src\share\vm\prims\jvm.cpp, line 1512]
Event: 3.061 Thread 0x0000020c424ea000 Exception <a 'java/security/PrivilegedActionException'> (0x00000000d58ea700) thrown at [J:\jenkins\tmp\workspace\build\src\hotspot\src\share\vm\prims\jvm.cpp, line 1512]
Event: 3.061 Thread 0x0000020c424ea000 Exception <a 'java/security/PrivilegedActionException'> (0x00000000d58ebac8) thrown at [J:\jenkins\tmp\workspace\build\src\hotspot\src\share\vm\prims\jvm.cpp, line 1512]

Events (10 events):
Event: 3.087 loading class org/lwjgl/openal/ALCdevice
Event: 3.087 loading class org/lwjgl/openal/ALCdevice done
Event: 3.088 loading class org/lwjgl/openal/ALCcontext
Event: 3.088 loading class org/lwjgl/openal/ALCcontext done
Event: 3.088 loading class java/nio/DirectIntBufferU
Event: 3.088 loading class java/nio/DirectIntBufferU done
Event: 3.088 loading class org/lwjgl/openal/Util
Event: 3.088 loading class org/lwjgl/openal/Util done
Event: 3.088 loading class org/lwjgl/openal/OpenALException
Event: 3.088 loading class org/lwjgl/openal/OpenALException done


Dynamic libraries:
0x00007ff6d3f50000 - 0x00007ff6d3f8a000 	C:\Program Files\AdoptOpenJDK\jdk-8.0.265.01-hotspot\bin\javaw.exe
0x00007ff8fd4b0000 - 0x00007ff8fd6a5000 	C:\WINDOWS\SYSTEM32\ntdll.dll
0x00007ff8fb8f0000 - 0x00007ff8fb9ad000 	C:\WINDOWS\System32\KERNEL32.DLL
0x00007ff8faf80000 - 0x00007ff8fb247000 	C:\WINDOWS\System32\KERNELBASE.dll
0x00007ff8fd300000 - 0x00007ff8fd3aa000 	C:\WINDOWS\System32\ADVAPI32.dll
0x00007ff8fb690000 - 0x00007ff8fb72e000 	C:\WINDOWS\System32\msvcrt.dll
0x00007ff8fb7e0000 - 0x00007ff8fb87b000 	C:\WINDOWS\System32\sechost.dll
0x00007ff8fc320000 - 0x00007ff8fc444000 	C:\WINDOWS\System32\RPCRT4.dll
0x00007ff8fbf20000 - 0x00007ff8fc0c0000 	C:\WINDOWS\System32\USER32.dll
0x00007ff8fac70000 - 0x00007ff8fac92000 	C:\WINDOWS\System32\win32u.dll
0x00007ff8fd440000 - 0x00007ff8fd46a000 	C:\WINDOWS\System32\GDI32.dll
0x00007ff8fb300000 - 0x00007ff8fb409000 	C:\WINDOWS\System32\gdi32full.dll
0x00007ff8fad80000 - 0x00007ff8fae1d000 	C:\WINDOWS\System32\msvcp_win.dll
0x00007ff8fb410000 - 0x00007ff8fb510000 	C:\WINDOWS\System32\ucrtbase.dll
0x00007ff8eef30000 - 0x00007ff8ef1cb000 	C:\WINDOWS\WinSxS\amd64_microsoft.windows.common-controls_6595b64144ccf1df_6.0.19041.488_none_ca04af081b815d21\COMCTL32.dll
0x00007ff8fb630000 - 0x00007ff8fb660000 	C:\WINDOWS\System32\IMM32.DLL
0x00007ff8ee0b0000 - 0x00007ff8ee19f000 	C:\Program Files\AdoptOpenJDK\jdk-8.0.265.01-hotspot\jre\bin\msvcr120.dll
0x00007ff8eddd0000 - 0x00007ff8ede76000 	C:\Program Files\AdoptOpenJDK\jdk-8.0.265.01-hotspot\jre\bin\msvcp120.dll
0x00000000527e0000 - 0x0000000053046000 	C:\Program Files\AdoptOpenJDK\jdk-8.0.265.01-hotspot\jre\bin\server\jvm.dll
0x00007ff8fb8e0000 - 0x00007ff8fb8e8000 	C:\WINDOWS\System32\PSAPI.DLL
0x00007ff8f3370000 - 0x00007ff8f3379000 	C:\WINDOWS\SYSTEM32\WSOCK32.dll
0x00007ff8fcd90000 - 0x00007ff8fcdfb000 	C:\WINDOWS\System32\WS2_32.dll
0x00007ff8ef380000 - 0x00007ff8ef3a7000 	C:\WINDOWS\SYSTEM32\WINMM.dll
0x00007ff8f50a0000 - 0x00007ff8f50aa000 	C:\WINDOWS\SYSTEM32\VERSION.dll
0x00007ff8f3220000 - 0x00007ff8f322f000 	C:\Program Files\AdoptOpenJDK\jdk-8.0.265.01-hotspot\jre\bin\verify.dll
0x00007ff8f2390000 - 0x00007ff8f23b8000 	C:\Program Files\AdoptOpenJDK\jdk-8.0.265.01-hotspot\jre\bin\java.dll
0x00007ff8f2960000 - 0x00007ff8f2976000 	C:\Program Files\AdoptOpenJDK\jdk-8.0.265.01-hotspot\jre\bin\zip.dll
0x00007ff8fc640000 - 0x00007ff8fcd81000 	C:\WINDOWS\System32\SHELL32.dll
0x00007ff8f8d70000 - 0x00007ff8f9503000 	C:\WINDOWS\SYSTEM32\windows.storage.dll
0x00007ff8fbb60000 - 0x00007ff8fbeb5000 	C:\WINDOWS\System32\combase.dll
0x00007ff8fa660000 - 0x00007ff8fa68c000 	C:\WINDOWS\SYSTEM32\Wldp.dll
0x00007ff8fb730000 - 0x00007ff8fb7de000 	C:\WINDOWS\System32\SHCORE.dll
0x00007ff8fb880000 - 0x00007ff8fb8d5000 	C:\WINDOWS\System32\shlwapi.dll
0x00007ff8fab20000 - 0x00007ff8fab46000 	C:\WINDOWS\SYSTEM32\profapi.dll
0x0000000065580000 - 0x0000000065616000 	C:\Users\Daniel\AppData\Local\Temp\libgdxDaniel\12dfaa03\gdx64.dll
0x00007ff8fa5c0000 - 0x00007ff8fa5d8000 	C:\WINDOWS\SYSTEM32\CRYPTSP.dll
0x00007ff8f9d00000 - 0x00007ff8f9d34000 	C:\WINDOWS\system32\rsaenh.dll
0x00007ff8faca0000 - 0x00007ff8facc7000 	C:\WINDOWS\System32\bcrypt.dll
0x00007ff8faaa0000 - 0x00007ff8faace000 	C:\WINDOWS\SYSTEM32\USERENV.dll
0x00007ff8fabf0000 - 0x00007ff8fac6f000 	C:\WINDOWS\System32\bcryptprimitives.dll
0x00007ff8fa5b0000 - 0x00007ff8fa5bc000 	C:\WINDOWS\SYSTEM32\CRYPTBASE.dll
0x00007ff8f25f0000 - 0x00007ff8f260a000 	C:\Program Files\AdoptOpenJDK\jdk-8.0.265.01-hotspot\jre\bin\net.dll
0x00007ff8fa3e0000 - 0x00007ff8fa44a000 	C:\WINDOWS\system32\mswsock.dll
0x00007ff8fa080000 - 0x00007ff8fa0bb000 	C:\WINDOWS\SYSTEM32\IPHLPAPI.DLL
0x00007ff8fce00000 - 0x00007ff8fce09000 	C:\WINDOWS\System32\NSI.dll
0x00007ff8f0b00000 - 0x00007ff8f0b17000 	C:\WINDOWS\SYSTEM32\dhcpcsvc6.DLL
0x00007ff8f0d40000 - 0x00007ff8f0d5d000 	C:\WINDOWS\SYSTEM32\dhcpcsvc.DLL
0x00007ff8fa0c0000 - 0x00007ff8fa18b000 	C:\WINDOWS\SYSTEM32\DNSAPI.dll
0x00007ff8f2370000 - 0x00007ff8f2382000 	C:\Program Files\AdoptOpenJDK\jdk-8.0.265.01-hotspot\jre\bin\nio.dll
0x0000000180000000 - 0x0000000180053000 	C:\Users\Daniel\AppData\Local\Temp\libgdxDaniel\dc0f0009\lwjgl64.dll
0x00007ff8e52c0000 - 0x00007ff8e53e5000 	C:\WINDOWS\SYSTEM32\OPENGL32.dll
0x00007ff8f2320000 - 0x00007ff8f234c000 	C:\WINDOWS\SYSTEM32\GLU32.dll
0x0000020c5d5e0000 - 0x0000020c5d644000 	C:\Users\Daniel\AppData\Local\Temp\libgdxDaniel\dc0f0009\OpenAL64.dll
0x00007ff8fc1f0000 - 0x00007ff8fc319000 	C:\WINDOWS\System32\ole32.dll
0x00007ff8f8b70000 - 0x00007ff8f8b83000 	C:\WINDOWS\SYSTEM32\kernel.appcore.dll
0x00007ff8f8630000 - 0x00007ff8f86cf000 	C:\WINDOWS\system32\uxtheme.dll
0x00007ff8fc450000 - 0x00007ff8fc4f8000 	C:\WINDOWS\System32\clbcatq.dll
0x00007ff8e7a40000 - 0x00007ff8e7adc000 	C:\WINDOWS\SYSTEM32\dsound.dll
0x00007ff8fa1f0000 - 0x00007ff8fa23b000 	C:\WINDOWS\SYSTEM32\powrprof.dll
0x00007ff8e79e0000 - 0x00007ff8e7a06000 	C:\WINDOWS\SYSTEM32\winmmbase.dll
0x00007ff8fa060000 - 0x00007ff8fa072000 	C:\WINDOWS\SYSTEM32\UMPDC.dll
0x00007ff8f59a0000 - 0x00007ff8f5a25000 	C:\WINDOWS\System32\MMDevApi.dll
0x00007ff8fa9a0000 - 0x00007ff8fa9cc000 	C:\WINDOWS\System32\DEVOBJ.dll
0x00007ff8fad30000 - 0x00007ff8fad7d000 	C:\WINDOWS\System32\cfgmgr32.dll
0x00007ff8f5a30000 - 0x00007ff8f5bb0000 	C:\WINDOWS\SYSTEM32\AUDIOSES.DLL
0x00007ff8fc0c0000 - 0x00007ff8fc18d000 	C:\WINDOWS\System32\OLEAUT32.dll
0x00007ff8f1b10000 - 0x00007ff8f1cf4000 	C:\WINDOWS\SYSTEM32\dbghelp.dll

VM Arguments:
jvm_args: -Duser.language=es_AR -Dfile.encoding=UTF-8 
java_command: org.uqbar.project.wollok.launch.WollokLauncher -requestsPort 0 -eventsPort 0 -folder -dontValidate -wf src/game.wpgm
java_class_path (initial): D:\Apps\wollok\wollok-win32.win32.x86_64\workspace\git\2020-o-tpi-juego-los4fantasticos\bin;D:\Apps\wollok\wollok-win32.win32.x86_64\plugins\com.ibm.icu_64.2.0.v20190507-1337.jar;D:\Apps\wollok\wollok-win32.win32.x86_64\plugins\org.eclipse.xtext_2.20.0.v20191202-0915.jar;D:\Apps\wollok\wollok-win32.win32.x86_64\plugins\org.eclipse.emf.ecore.xmi_2.16.0.v20190528-0725.jar;D:\Apps\wollok\wollok-win32.win32.x86_64\plugins\org.eclipse.emf.ecore_2.20.0.v20190920-0401.jar;D:\Apps\wollok\wollok-win32.win32.x86_64\plugins\org.eclipse.emf.common_2.17.0.v20190920-0401.jar;D:\Apps\wollok\wollok-win32.win32.x86_64\plugins\org.antlr.runtime_3.2.0.v201101311130.jar;D:\Apps\wollok\wollok-win32.win32.x86_64\plugins\com.google.inject_3.0.0.v201605172100.jar;D:\Apps\wollok\wollok-win32.win32.x86_64\plugins\org.eclipse.emf.mwe.core_1.5.1.v20191121-1148.jar;D:\Apps\wollok\wollok-win32.win32.x86_64\plugins\org.apache.commons.cli_1.2.0.v201404270220.jar;D:\Apps\wollok\wollok-win32.win32.x86_64\plugins\org.eclipse.emf.mwe2.runtime_2.11.1.v20191121-1148.jar;D:\Apps\wollok\wollok-win32.win32.x86_64\plugins\org.eclipse.emf.mwe.utils_1.5.1.v20191121-1148.jar;D:\Apps\wollok\wollok-win32.win32.x86_64\plugins\org.eclipse.xtext.util_2.20.0.v20191202-0915.jar;D:\Apps\wollok\wollok-win32.win32.x86_64\plugins\com.google.guava_27.1.0.v20190517-1946.jar;D:\Apps\wollok\wollok-win32.win32.x86_64\plugins\javax.inject_1.0.0.v20091030.jar;D:\Apps\wollok\wollok-win32.win32.x86_64\plugins\org.eclipse.xtext.generator_2.20.0.v20191202-0933.jar;D:\Apps\wollok\wollok-win32.win32.x86_64\plugins\org.eclipse.xtext.xtext.generator_2.20.0.v20191202-0915.jar;D:\Apps\wollok\wollok-win32.win32.x86_64\plugins\org.eclipse.xtext.xbase.lib_2.20.0.v20191202-0907.jar;D:\Apps\wollok\wollok-win32.win32.x86_64\plugins\org.eclipse.emf.codegen.ecore_2.20.0.v20191012-0918.jar;D:\Apps\wollok\wollok-win32.win32.x86_64\plugins\org.eclipse.emf.codegen_2.19.0.v20190821-1536.jar;D:\Apps\wollok\wollok-win32.win
Launcher Type: SUN_STANDARD

Environment Variables:
PATH=C:/Program Files/AdoptOpenJDK/jdk-8.0.265.01-hotspot/bin/../jre/bin/server;C:/Program Files/AdoptOpenJDK/jdk-8.0.265.01-hotspot/bin/../jre/bin;C:/Program Files/AdoptOpenJDK/jdk-8.0.265.01-hotspot/bin/../jre/lib/amd64;C:\Program Files\AdoptOpenJDK\jdk-8.0.265.01-hotspot\bin;C:\WINDOWS\system32;C:\WINDOWS;C:\WINDOWS\System32\Wbem;C:\WINDOWS\System32\WindowsPowerShell\v1.0\;C:\WINDOWS\System32\OpenSSH\;C:\Program Files (x86)\mingw-w64\i686-8.1.0-posix-dwarf-rt_v6-rev0\mingw32\bin;C:\Program Files\swipl\bin;D:\Apps\FlexyBison\bin;D:\Apps\FlexyBison\lib;D:\Apps\Git\cmd;C:\Users\Daniel\AppData\Roaming\local\bin;C:\Users\Daniel\AppData\Local\Programs\Python\Python38\Scripts\;C:\Users\Daniel\AppData\Local\Programs\Python\Python38\;C:\Users\Daniel\AppData\Local\Programs\Python\Launcher\;C:\Users\Daniel\AppData\Local\Microsoft\WindowsApps;;D:\Apps\Visual Studio\Microsoft VS Code\bin;D:\Apps\wollok\wollok-win32.win32.x86_64;
USERNAME=Daniel
OS=Windows_NT
PROCESSOR_IDENTIFIER=Intel64 Family 6 Model 42 Stepping 7, GenuineIntel



---------------  S Y S T E M  ---------------

OS: Windows 10.0 , 64 bit Build 19041 (10.0.19041.292)

CPU:total 4 (initial active 4) (4 cores per cpu, 1 threads per core) family 6 model 42 stepping 7, cmov, cx8, fxsr, mmx, sse, sse2, sse3, ssse3, sse4.1, sse4.2, popcnt, avx, aes, clmul, tsc, tscinvbit

Memory: 4k page, physical 8371316k(4440976k free), swap 33537140k(20940016k free)

vm_info: OpenJDK 64-Bit Server VM (25.265-b01) for windows-amd64 JRE (1.8.0_265-b01), built on Jul 28 2020 15:11:27 by "jenkins" with MS VC++ 12.0 (VS2013)

time: Thu Oct 08 12:03:13 2020
timezone: Hora estándar de Argentina
elapsed time: 3 seconds (0d 0h 0m 3s)

